[24-Jan-2020 15:51:02 America/Sao_Paulo] PHP Parse error:  syntax error, unexpected 'arq' (T_STRING), expecting variable (T_VARIABLE) or '{' or '$' in /AUX/www/NewDeal/inter/index.php(494) : eval()'d code on line 5
[24-Jan-2020 15:52:24 America/Sao_Paulo] PHP Parse error:  syntax error, unexpected 'echo' (T_ECHO) in /AUX/www/NewDeal/inter/index.php(494) : eval()'d code on line 6
[29-Jan-2020 21:09:12 America/Sao_Paulo] PHP Parse error:  syntax error, unexpected 'empresa_banco' (T_STRING) in /AUX/www/NewDeal/inter/index.php(494) : eval()'d code on line 9
[29-Jan-2020 21:10:09 America/Sao_Paulo] PHP Fatal error:  Uncaught PDOException: SQLSTATE[HY000] [14] unable to open database file in /AUX/www/NewDeal/inter/index.php(494) : eval()'d code:8
Stack trace:
#0 /AUX/www/NewDeal/inter/index.php(494) : eval()'d code(8): PDO->__construct('sqlite:/AUX/www...')
#1 /AUX/www/NewDeal/inter/index.php(494): eval()
#2 {main}
  thrown in /AUX/www/NewDeal/inter/index.php(494) : eval()'d code on line 8
[29-Jan-2020 21:28:14 America/Sao_Paulo] PHP Fatal error:  Uncaught PDOException: SQLSTATE[HY000] [14] unable to open database file in /AUX/www/NewDeal/inter/index.php(494) : eval()'d code:8
Stack trace:
#0 /AUX/www/NewDeal/inter/index.php(494) : eval()'d code(8): PDO->__construct('sqlite:/AUX/www...')
#1 /AUX/www/NewDeal/inter/index.php(494): eval()
#2 {main}
  thrown in /AUX/www/NewDeal/inter/index.php(494) : eval()'d code on line 8
[29-Jan-2020 21:28:15 America/Sao_Paulo] PHP Fatal error:  Uncaught PDOException: SQLSTATE[HY000] [14] unable to open database file in /AUX/www/NewDeal/inter/index.php(494) : eval()'d code:8
Stack trace:
#0 /AUX/www/NewDeal/inter/index.php(494) : eval()'d code(8): PDO->__construct('sqlite:/AUX/www...')
#1 /AUX/www/NewDeal/inter/index.php(494): eval()
#2 {main}
  thrown in /AUX/www/NewDeal/inter/index.php(494) : eval()'d code on line 8
[05-Feb-2020 12:31:04 America/Sao_Paulo] PHP Parse error:  syntax error, unexpected 'log_erros' (T_STRING) in /AUX/www/NewDeal/inter/index.php(494) : eval()'d code on line 8
[05-Feb-2020 12:31:27 America/Sao_Paulo] PHP Warning:  Use of undefined constant DS - assumed 'DS' (this will throw an Error in a future version of PHP) in /AUX/www/NewDeal/inter/index.php(494) : eval()'d code on line 8
[05-Feb-2020 12:31:27 America/Sao_Paulo] PHP Warning:  Use of undefined constant DS - assumed 'DS' (this will throw an Error in a future version of PHP) in /AUX/www/NewDeal/inter/index.php(494) : eval()'d code on line 8
[05-Feb-2020 12:35:10 America/Sao_Paulo] PHP Warning:  Use of undefined constant ROOT_PATH - assumed 'ROOT_PATH' (this will throw an Error in a future version of PHP) in /AUX/www/NewDeal/inter/index.php(494) : eval()'d code on line 4
[09-Feb-2020 17:11:08 America/Sao_Paulo] PHP Warning:  include(../inc/Classes_Dados.php): failed to open stream: No such file or directory in /AUX/www/NewDeal/inter/index.php(494) : eval()'d code on line 1
[09-Feb-2020 17:11:08 America/Sao_Paulo] PHP Warning:  include(../inc/Classes_Dados.php): failed to open stream: No such file or directory in /AUX/www/NewDeal/inter/index.php(494) : eval()'d code on line 1
[09-Feb-2020 17:11:08 America/Sao_Paulo] PHP Warning:  include(): Failed opening '../inc/Classes_Dados.php' for inclusion (include_path='.:/usr/share/php') in /AUX/www/NewDeal/inter/index.php(494) : eval()'d code on line 1
[09-Feb-2020 17:11:08 America/Sao_Paulo] PHP Fatal error:  Uncaught Error: Class 'getDados_model' not found in /AUX/www/NewDeal/inter/index.php(494) : eval()'d code:2
Stack trace:
#0 /AUX/www/NewDeal/inter/index.php(494): eval()
#1 {main}
  thrown in /AUX/www/NewDeal/inter/index.php(494) : eval()'d code on line 2
[09-Feb-2020 17:11:19 America/Sao_Paulo] PHP Warning:  include(../inc/Classes_Dados.php): failed to open stream: No such file or directory in /AUX/www/NewDeal/inter/index.php(494) : eval()'d code on line 1
[09-Feb-2020 17:11:19 America/Sao_Paulo] PHP Warning:  include(../inc/Classes_Dados.php): failed to open stream: No such file or directory in /AUX/www/NewDeal/inter/index.php(494) : eval()'d code on line 1
[09-Feb-2020 17:11:19 America/Sao_Paulo] PHP Warning:  include(): Failed opening '../inc/Classes_Dados.php' for inclusion (include_path='.:/usr/share/php') in /AUX/www/NewDeal/inter/index.php(494) : eval()'d code on line 1
[09-Feb-2020 17:11:19 America/Sao_Paulo] PHP Fatal error:  Uncaught Error: Class 'getDados_model' not found in /AUX/www/NewDeal/inter/index.php(494) : eval()'d code:2
Stack trace:
#0 /AUX/www/NewDeal/inter/index.php(494): eval()
#1 {main}
  thrown in /AUX/www/NewDeal/inter/index.php(494) : eval()'d code on line 2
[09-Feb-2020 17:11:28 America/Sao_Paulo] PHP Fatal error:  Uncaught Error: Call to undefined function curlExec() in /AUX/www/NewDeal/inter/index.php(494) : eval()'d code:7
Stack trace:
#0 /AUX/www/NewDeal/inter/index.php(494): eval()
#1 {main}
  thrown in /AUX/www/NewDeal/inter/index.php(494) : eval()'d code on line 7
[09-Feb-2020 17:11:42 America/Sao_Paulo] PHP Warning:  include(../inc/Classes_Dados.php): failed to open stream: No such file or directory in /AUX/www/NewDeal/inter/index.php(494) : eval()'d code on line 1
[09-Feb-2020 17:11:42 America/Sao_Paulo] PHP Warning:  include(../inc/Classes_Dados.php): failed to open stream: No such file or directory in /AUX/www/NewDeal/inter/index.php(494) : eval()'d code on line 1
[09-Feb-2020 17:11:42 America/Sao_Paulo] PHP Warning:  include(): Failed opening '../inc/Classes_Dados.php' for inclusion (include_path='.:/usr/share/php') in /AUX/www/NewDeal/inter/index.php(494) : eval()'d code on line 1
[09-Feb-2020 17:11:42 America/Sao_Paulo] PHP Fatal error:  Uncaught Error: Class 'getDados_model' not found in /AUX/www/NewDeal/inter/index.php(494) : eval()'d code:2
Stack trace:
#0 /AUX/www/NewDeal/inter/index.php(494): eval()
#1 {main}
  thrown in /AUX/www/NewDeal/inter/index.php(494) : eval()'d code on line 2
[09-Feb-2020 17:12:28 America/Sao_Paulo] PHP Warning:  include(../autlooad.php): failed to open stream: No such file or directory in /AUX/www/NewDeal/inter/index.php(494) : eval()'d code on line 1
[09-Feb-2020 17:12:28 America/Sao_Paulo] PHP Warning:  include(../autlooad.php): failed to open stream: No such file or directory in /AUX/www/NewDeal/inter/index.php(494) : eval()'d code on line 1
[09-Feb-2020 17:12:28 America/Sao_Paulo] PHP Warning:  include(): Failed opening '../autlooad.php' for inclusion (include_path='.:/usr/share/php') in /AUX/www/NewDeal/inter/index.php(494) : eval()'d code on line 1
[09-Feb-2020 17:13:32 America/Sao_Paulo] PHP Warning:  include(../inc/Classes_Dados.php): failed to open stream: No such file or directory in /AUX/www/NewDeal/inter/index.php(494) : eval()'d code on line 1
[09-Feb-2020 17:13:32 America/Sao_Paulo] PHP Warning:  include(../inc/Classes_Dados.php): failed to open stream: No such file or directory in /AUX/www/NewDeal/inter/index.php(494) : eval()'d code on line 1
[09-Feb-2020 17:13:32 America/Sao_Paulo] PHP Warning:  include(): Failed opening '../inc/Classes_Dados.php' for inclusion (include_path='.:/usr/share/php') in /AUX/www/NewDeal/inter/index.php(494) : eval()'d code on line 1
[09-Feb-2020 17:13:32 America/Sao_Paulo] PHP Fatal error:  Uncaught Error: Class 'getDados_model' not found in /AUX/www/NewDeal/inter/index.php(494) : eval()'d code:2
Stack trace:
#0 /AUX/www/NewDeal/inter/index.php(494): eval()
#1 {main}
  thrown in /AUX/www/NewDeal/inter/index.php(494) : eval()'d code on line 2
[09-Feb-2020 20:47:48 America/Sao_Paulo] PHP Fatal error:  Uncaught Error: Call to a member function Executa_Query_Array() on null in /AUX/www/NewDeal/inter/index.php(494) : eval()'d code:5
Stack trace:
#0 /AUX/www/NewDeal/inter/index.php(494): eval()
#1 {main}
  thrown in /AUX/www/NewDeal/inter/index.php(494) : eval()'d code on line 5
[09-Feb-2020 20:50:07 America/Sao_Paulo] PHP Parse error:  syntax error, unexpected 'as' (T_AS), expecting ';' in /AUX/www/NewDeal/inter/index.php(494) : eval()'d code on line 7
[09-Feb-2020 20:50:24 America/Sao_Paulo] PHP Parse error:  syntax error, unexpected 'as' (T_AS), expecting ';' in /AUX/www/NewDeal/inter/index.php(494) : eval()'d code on line 7
[09-Feb-2020 20:50:25 America/Sao_Paulo] PHP Parse error:  syntax error, unexpected 'as' (T_AS), expecting ';' in /AUX/www/NewDeal/inter/index.php(494) : eval()'d code on line 7
[09-Feb-2020 20:50:51 America/Sao_Paulo] PHP Parse error:  syntax error, unexpected 'as' (T_AS), expecting ';' in /AUX/www/NewDeal/inter/index.php(494) : eval()'d code on line 7
[09-Feb-2020 20:50:52 America/Sao_Paulo] PHP Parse error:  syntax error, unexpected 'as' (T_AS), expecting ';' in /AUX/www/NewDeal/inter/index.php(494) : eval()'d code on line 7
[09-Feb-2020 20:51:50 America/Sao_Paulo] PHP Parse error:  syntax error, unexpected 'as' (T_AS), expecting ';' in /AUX/www/NewDeal/inter/index.php(494) : eval()'d code on line 7
[09-Feb-2020 20:53:20 America/Sao_Paulo] PHP Parse error:  syntax error, unexpected 'as' (T_AS), expecting ';' in /AUX/www/NewDeal/inter/index.php(494) : eval()'d code on line 7
[09-Feb-2020 20:54:33 America/Sao_Paulo] PHP Parse error:  syntax error, unexpected 'as' (T_AS), expecting ';' in /AUX/www/NewDeal/inter/index.php(494) : eval()'d code on line 8
[09-Feb-2020 20:54:34 America/Sao_Paulo] PHP Parse error:  syntax error, unexpected 'as' (T_AS), expecting ';' in /AUX/www/NewDeal/inter/index.php(494) : eval()'d code on line 8
[09-Feb-2020 20:54:35 America/Sao_Paulo] PHP Parse error:  syntax error, unexpected 'as' (T_AS), expecting ';' in /AUX/www/NewDeal/inter/index.php(494) : eval()'d code on line 8
[09-Feb-2020 20:54:35 America/Sao_Paulo] PHP Parse error:  syntax error, unexpected 'as' (T_AS), expecting ';' in /AUX/www/NewDeal/inter/index.php(494) : eval()'d code on line 8
[09-Feb-2020 20:54:36 America/Sao_Paulo] PHP Parse error:  syntax error, unexpected 'as' (T_AS), expecting ';' in /AUX/www/NewDeal/inter/index.php(494) : eval()'d code on line 8
[09-Feb-2020 21:00:09 America/Sao_Paulo] PHP Parse error:  syntax error, unexpected '';' (T_CONSTANT_ENCAPSED_STRING) in /AUX/www/NewDeal/inter/index.php(494) : eval()'d code on line 10
[17-Feb-2020 16:16:20 America/Sao_Paulo] PHP Warning:  include(../inc/Classes_Dados.php): failed to open stream: No such file or directory in /AUX/www/NewDeal/inter/index.php(494) : eval()'d code on line 1
[17-Feb-2020 16:16:20 America/Sao_Paulo] PHP Warning:  include(../inc/Classes_Dados.php): failed to open stream: No such file or directory in /AUX/www/NewDeal/inter/index.php(494) : eval()'d code on line 1
[17-Feb-2020 16:16:20 America/Sao_Paulo] PHP Warning:  include(): Failed opening '../inc/Classes_Dados.php' for inclusion (include_path='.:/usr/share/php') in /AUX/www/NewDeal/inter/index.php(494) : eval()'d code on line 1
[17-Feb-2020 16:16:20 America/Sao_Paulo] PHP Fatal error:  Uncaught Error: Class 'getDados_model' not found in /AUX/www/NewDeal/inter/index.php(494) : eval()'d code:2
Stack trace:
#0 /AUX/www/NewDeal/inter/index.php(494): eval()
#1 {main}
  thrown in /AUX/www/NewDeal/inter/index.php(494) : eval()'d code on line 2
[17-Feb-2020 16:17:38 America/Sao_Paulo] PHP Warning:  file(/root/lista_30257808973.m3u): failed to open stream: Permission denied in /AUX/www/NewDeal/inter/index.php(494) : eval()'d code on line 1
[17-Feb-2020 16:18:02 America/Sao_Paulo] PHP Warning:  file(/root/lista_30257808973.m3u): failed to open stream: Permission denied in /AUX/www/NewDeal/inter/index.php(494) : eval()'d code on line 1
[17-Feb-2020 16:18:03 America/Sao_Paulo] PHP Warning:  file(/root/lista_30257808973.m3u): failed to open stream: Permission denied in /AUX/www/NewDeal/inter/index.php(494) : eval()'d code on line 1
[17-Feb-2020 16:18:06 America/Sao_Paulo] PHP Warning:  file(/root/lista_30257808973.m3u): failed to open stream: Permission denied in /AUX/www/NewDeal/inter/index.php(494) : eval()'d code on line 1
[17-Feb-2020 16:18:32 America/Sao_Paulo] PHP Warning:  file(/root/lista_30257808973.m3u): failed to open stream: Permission denied in /AUX/www/NewDeal/inter/index.php(494) : eval()'d code on line 1
[17-Feb-2020 16:18:33 America/Sao_Paulo] PHP Warning:  file(/root/lista_30257808973.m3u): failed to open stream: Permission denied in /AUX/www/NewDeal/inter/index.php(494) : eval()'d code on line 1
[17-Feb-2020 16:18:34 America/Sao_Paulo] PHP Warning:  file(/root/lista_30257808973.m3u): failed to open stream: Permission denied in /AUX/www/NewDeal/inter/index.php(494) : eval()'d code on line 1
[17-Feb-2020 16:18:52 America/Sao_Paulo] PHP Warning:  include(../inc/Classes_Dados.php): failed to open stream: No such file or directory in /AUX/www/NewDeal/inter/index.php(494) : eval()'d code on line 1
[17-Feb-2020 16:18:52 America/Sao_Paulo] PHP Warning:  include(../inc/Classes_Dados.php): failed to open stream: No such file or directory in /AUX/www/NewDeal/inter/index.php(494) : eval()'d code on line 1
[17-Feb-2020 16:18:52 America/Sao_Paulo] PHP Warning:  include(): Failed opening '../inc/Classes_Dados.php' for inclusion (include_path='.:/usr/share/php') in /AUX/www/NewDeal/inter/index.php(494) : eval()'d code on line 1
[17-Feb-2020 16:18:52 America/Sao_Paulo] PHP Fatal error:  Uncaught Error: Class 'getDados_model' not found in /AUX/www/NewDeal/inter/index.php(494) : eval()'d code:2
Stack trace:
#0 /AUX/www/NewDeal/inter/index.php(494): eval()
#1 {main}
  thrown in /AUX/www/NewDeal/inter/index.php(494) : eval()'d code on line 2
[17-Feb-2020 16:19:00 America/Sao_Paulo] PHP Warning:  include(../inc/Classes_Dados.php): failed to open stream: No such file or directory in /AUX/www/NewDeal/inter/index.php(494) : eval()'d code on line 1
[17-Feb-2020 16:19:00 America/Sao_Paulo] PHP Warning:  include(../inc/Classes_Dados.php): failed to open stream: No such file or directory in /AUX/www/NewDeal/inter/index.php(494) : eval()'d code on line 1
[17-Feb-2020 16:19:00 America/Sao_Paulo] PHP Warning:  include(): Failed opening '../inc/Classes_Dados.php' for inclusion (include_path='.:/usr/share/php') in /AUX/www/NewDeal/inter/index.php(494) : eval()'d code on line 1
[17-Feb-2020 16:19:00 America/Sao_Paulo] PHP Fatal error:  Uncaught Error: Class 'getDados_model' not found in /AUX/www/NewDeal/inter/index.php(494) : eval()'d code:2
Stack trace:
#0 /AUX/www/NewDeal/inter/index.php(494): eval()
#1 {main}
  thrown in /AUX/www/NewDeal/inter/index.php(494) : eval()'d code on line 2
[17-Feb-2020 16:19:09 America/Sao_Paulo] PHP Warning:  include(../inc/Classes_Dados.php): failed to open stream: No such file or directory in /AUX/www/NewDeal/inter/index.php(494) : eval()'d code on line 1
[17-Feb-2020 16:19:09 America/Sao_Paulo] PHP Warning:  include(../inc/Classes_Dados.php): failed to open stream: No such file or directory in /AUX/www/NewDeal/inter/index.php(494) : eval()'d code on line 1
[17-Feb-2020 16:19:09 America/Sao_Paulo] PHP Warning:  include(): Failed opening '../inc/Classes_Dados.php' for inclusion (include_path='.:/usr/share/php') in /AUX/www/NewDeal/inter/index.php(494) : eval()'d code on line 1
[17-Feb-2020 16:19:09 America/Sao_Paulo] PHP Fatal error:  Uncaught Error: Class 'getDados_model' not found in /AUX/www/NewDeal/inter/index.php(494) : eval()'d code:2
Stack trace:
#0 /AUX/www/NewDeal/inter/index.php(494): eval()
#1 {main}
  thrown in /AUX/www/NewDeal/inter/index.php(494) : eval()'d code on line 2
[17-Feb-2020 16:19:18 America/Sao_Paulo] PHP Warning:  include(../inc/Classes_Dados.php): failed to open stream: No such file or directory in /AUX/www/NewDeal/inter/index.php(494) : eval()'d code on line 1
[17-Feb-2020 16:19:18 America/Sao_Paulo] PHP Warning:  include(../inc/Classes_Dados.php): failed to open stream: No such file or directory in /AUX/www/NewDeal/inter/index.php(494) : eval()'d code on line 1
[17-Feb-2020 16:19:18 America/Sao_Paulo] PHP Warning:  include(): Failed opening '../inc/Classes_Dados.php' for inclusion (include_path='.:/usr/share/php') in /AUX/www/NewDeal/inter/index.php(494) : eval()'d code on line 1
[17-Feb-2020 16:19:18 America/Sao_Paulo] PHP Fatal error:  Uncaught Error: Class 'getDados_model' not found in /AUX/www/NewDeal/inter/index.php(494) : eval()'d code:2
Stack trace:
#0 /AUX/www/NewDeal/inter/index.php(494): eval()
#1 {main}
  thrown in /AUX/www/NewDeal/inter/index.php(494) : eval()'d code on line 2
[17-Feb-2020 16:19:20 America/Sao_Paulo] PHP Fatal error:  Uncaught Error: Call to undefined function curlExec() in /AUX/www/NewDeal/inter/index.php(494) : eval()'d code:7
Stack trace:
#0 /AUX/www/NewDeal/inter/index.php(494): eval()
#1 {main}
  thrown in /AUX/www/NewDeal/inter/index.php(494) : eval()'d code on line 7
[17-Feb-2020 16:21:08 America/Sao_Paulo] PHP Warning:  file(/root/lista_30257808973.m3u): failed to open stream: Permission denied in /AUX/www/NewDeal/inter/index.php(494) : eval()'d code on line 1
[17-Feb-2020 16:23:55 America/Sao_Paulo] PHP Parse error:  syntax error, unexpected end of file in /AUX/www/NewDeal/inter/index.php(494) : eval()'d code on line 12
[17-Feb-2020 16:24:19 America/Sao_Paulo] PHP Warning:  fopen(/root/lista_30257808973.m3u): failed to open stream: Permission denied in /AUX/www/NewDeal/inter/index.php(494) : eval()'d code on line 3
[17-Feb-2020 20:27:09 America/Sao_Paulo] PHP Warning:  include_once(/AUX/www/NewDeal/classes/db_acesso.php): failed to open stream: No such file or directory in /AUX/www/NewDeal/autoload.php on line 5
[17-Feb-2020 20:27:09 America/Sao_Paulo] PHP Warning:  include_once(): Failed opening '/AUX/www/NewDeal/classes/db_acesso.php' for inclusion (include_path='.:/usr/share/php') in /AUX/www/NewDeal/autoload.php on line 5
[17-Feb-2020 20:27:09 America/Sao_Paulo] PHP Fatal error:  Uncaught Error: Class 'db_acesso' not found in /AUX/www/NewDeal/inter/index.php(494) : eval()'d code:5
Stack trace:
#0 /AUX/www/NewDeal/inter/index.php(494): eval()
#1 {main}
  thrown in /AUX/www/NewDeal/inter/index.php(494) : eval()'d code on line 5
[17-Feb-2020 20:57:46 America/Sao_Paulo] PHP Parse error:  syntax error, unexpected end of file in /AUX/www/NewDeal/inter/index.php(494) : eval()'d code on line 30
[17-Feb-2020 20:58:03 America/Sao_Paulo] PHP Fatal error:  Uncaught ArgumentCountError: Too few arguments to function banco_dados::erro_sql(), 2 passed in /AUX/www/NewDeal/classes/banco_dados.php on line 155 and at least 3 expected in /AUX/www/NewDeal/classes/banco_dados.php:193
Stack trace:
#0 /AUX/www/NewDeal/classes/banco_dados.php(155): banco_dados->erro_sql('Erro nos Par\xC3\xA2m...', '')
#1 /AUX/www/NewDeal/classes/acesso_db.php(66): banco_dados->banco_query(' insert into ca...', 'sql', '')
#2 /AUX/www/NewDeal/inter/index.php(494) : eval()'d code(17): acesso_db->Executa_Query_SQL(' insert into ca...')
#3 /AUX/www/NewDeal/inter/index.php(494): eval()
#4 {main}
  thrown in /AUX/www/NewDeal/classes/banco_dados.php on line 193
[17-Feb-2020 20:59:36 America/Sao_Paulo] PHP Fatal error:  Uncaught ArgumentCountError: Too few arguments to function banco_dados::erro_sql(), 2 passed in /AUX/www/NewDeal/classes/banco_dados.php on line 155 and at least 3 expected in /AUX/www/NewDeal/classes/banco_dados.php:193
Stack trace:
#0 /AUX/www/NewDeal/classes/banco_dados.php(155): banco_dados->erro_sql('Erro nos Par\xC3\xA2m...', '')
#1 /AUX/www/NewDeal/classes/acesso_db.php(66): banco_dados->banco_query(' insert into ca...', 'sql', '')
#2 /AUX/www/NewDeal/inter/index.php(494) : eval()'d code(17): acesso_db->Executa_Query_SQL(' insert into ca...', '')
#3 /AUX/www/NewDeal/inter/index.php(494): eval()
#4 {main}
  thrown in /AUX/www/NewDeal/classes/banco_dados.php on line 193
[17-Feb-2020 20:59:37 America/Sao_Paulo] PHP Fatal error:  Uncaught ArgumentCountError: Too few arguments to function banco_dados::erro_sql(), 2 passed in /AUX/www/NewDeal/classes/banco_dados.php on line 155 and at least 3 expected in /AUX/www/NewDeal/classes/banco_dados.php:193
Stack trace:
#0 /AUX/www/NewDeal/classes/banco_dados.php(155): banco_dados->erro_sql('Erro nos Par\xC3\xA2m...', '')
#1 /AUX/www/NewDeal/classes/acesso_db.php(66): banco_dados->banco_query(' insert into ca...', 'sql', '')
#2 /AUX/www/NewDeal/inter/index.php(494) : eval()'d code(17): acesso_db->Executa_Query_SQL(' insert into ca...', '')
#3 /AUX/www/NewDeal/inter/index.php(494): eval()
#4 {main}
  thrown in /AUX/www/NewDeal/classes/banco_dados.php on line 193
[19-Feb-2020 12:18:58 America/Sao_Paulo] PHP Warning:  XMLReader::open(): Unable to open source data in /AUX/www/NewDeal/inter/index.php(494) : eval()'d code on line 2
[19-Feb-2020 12:18:58 America/Sao_Paulo] PHP Warning:  XMLReader::read(): Load Data before trying to read in /AUX/www/NewDeal/inter/index.php(494) : eval()'d code on line 7
[19-Feb-2020 12:30:00 America/Sao_Paulo] PHP Fatal error:  Uncaught TypeError: Argument 1 passed to DOMDocument::importNode() must be an instance of DOMNode, bool given in /AUX/www/NewDeal/inter/index.php(494) : eval()'d code:14
Stack trace:
#0 /AUX/www/NewDeal/inter/index.php(494) : eval()'d code(14): DOMDocument->importNode(false, true)
#1 /AUX/www/NewDeal/inter/index.php(494): eval()
#2 {main}
  thrown in /AUX/www/NewDeal/inter/index.php(494) : eval()'d code on line 14
[19-Feb-2020 12:30:23 America/Sao_Paulo] PHP Fatal error:  Uncaught TypeError: Argument 1 passed to DOMDocument::importNode() must be an instance of DOMNode, bool given in /AUX/www/NewDeal/inter/index.php(494) : eval()'d code:14
Stack trace:
#0 /AUX/www/NewDeal/inter/index.php(494) : eval()'d code(14): DOMDocument->importNode(false, true)
#1 /AUX/www/NewDeal/inter/index.php(494): eval()
#2 {main}
  thrown in /AUX/www/NewDeal/inter/index.php(494) : eval()'d code on line 14
[19-Feb-2020 12:34:42 America/Sao_Paulo] PHP Parse error:  syntax error, unexpected end of file in /AUX/www/NewDeal/inter/index.php(494) : eval()'d code on line 9
[19-Feb-2020 12:37:13 America/Sao_Paulo] PHP Parse error:  syntax error, unexpected end of file in /AUX/www/NewDeal/inter/index.php(494) : eval()'d code on line 9
[19-Feb-2020 12:37:14 America/Sao_Paulo] PHP Parse error:  syntax error, unexpected end of file in /AUX/www/NewDeal/inter/index.php(494) : eval()'d code on line 9
[19-Feb-2020 12:37:15 America/Sao_Paulo] PHP Parse error:  syntax error, unexpected end of file in /AUX/www/NewDeal/inter/index.php(494) : eval()'d code on line 9
[19-Feb-2020 12:37:16 America/Sao_Paulo] PHP Parse error:  syntax error, unexpected end of file in /AUX/www/NewDeal/inter/index.php(494) : eval()'d code on line 9
[19-Feb-2020 12:38:47 America/Sao_Paulo] PHP Parse error:  syntax error, unexpected end of file in /AUX/www/NewDeal/inter/index.php(494) : eval()'d code on line 10
[19-Feb-2020 12:38:50 America/Sao_Paulo] PHP Parse error:  syntax error, unexpected end of file in /AUX/www/NewDeal/inter/index.php(494) : eval()'d code on line 10
[19-Feb-2020 12:39:55 America/Sao_Paulo] PHP Parse error:  syntax error, unexpected end of file in /AUX/www/NewDeal/inter/index.php(494) : eval()'d code on line 11
[19-Feb-2020 12:39:56 America/Sao_Paulo] PHP Parse error:  syntax error, unexpected end of file in /AUX/www/NewDeal/inter/index.php(494) : eval()'d code on line 11
[19-Feb-2020 12:39:56 America/Sao_Paulo] PHP Parse error:  syntax error, unexpected end of file in /AUX/www/NewDeal/inter/index.php(494) : eval()'d code on line 11
[19-Feb-2020 12:39:57 America/Sao_Paulo] PHP Parse error:  syntax error, unexpected end of file in /AUX/www/NewDeal/inter/index.php(494) : eval()'d code on line 11
[19-Feb-2020 12:39:57 America/Sao_Paulo] PHP Parse error:  syntax error, unexpected end of file in /AUX/www/NewDeal/inter/index.php(494) : eval()'d code on line 11
[19-Feb-2020 12:41:06 America/Sao_Paulo] PHP Parse error:  syntax error, unexpected end of file in /AUX/www/NewDeal/inter/index.php(494) : eval()'d code on line 11
[19-Feb-2020 12:41:07 America/Sao_Paulo] PHP Parse error:  syntax error, unexpected end of file in /AUX/www/NewDeal/inter/index.php(494) : eval()'d code on line 11
[19-Feb-2020 12:41:08 America/Sao_Paulo] PHP Parse error:  syntax error, unexpected end of file in /AUX/www/NewDeal/inter/index.php(494) : eval()'d code on line 11
[19-Feb-2020 12:41:08 America/Sao_Paulo] PHP Parse error:  syntax error, unexpected end of file in /AUX/www/NewDeal/inter/index.php(494) : eval()'d code on line 11
