** xajax Error Log - Mar  7 2023 09:16:53 PM **

----
[NOTICE] Undefined variable: nome_entidade
Error on line 122 of file /AUX/www/gaucho/admin/entidades.php
----
[NOTICE] Undefined variable: cnpj
Error on line 126 of file /AUX/www/gaucho/admin/entidades.php
----
[NOTICE] Undefined variable: resp1
Error on line 132 of file /AUX/www/gaucho/admin/entidades.php
----
[NOTICE] Undefined variable: email_resp1
Error on line 136 of file /AUX/www/gaucho/admin/entidades.php
----
[NOTICE] Undefined variable: telefone_resp1
Error on line 140 of file /AUX/www/gaucho/admin/entidades.php
----
[NOTICE] Undefined variable: resp2
Error on line 146 of file /AUX/www/gaucho/admin/entidades.php
----
[NOTICE] Undefined variable: email_resp2
Error on line 150 of file /AUX/www/gaucho/admin/entidades.php
----
[NOTICE] Undefined variable: telefone_resp2
Error on line 154 of file /AUX/www/gaucho/admin/entidades.php


** xajax Error Log - Mar  7 2023 09:16:54 PM **

----
[NOTICE] Undefined variable: nome_entidade
Error on line 122 of file /AUX/www/gaucho/admin/entidades.php
----
[NOTICE] Undefined variable: cnpj
Error on line 126 of file /AUX/www/gaucho/admin/entidades.php
----
[NOTICE] Undefined variable: resp1
Error on line 132 of file /AUX/www/gaucho/admin/entidades.php
----
[NOTICE] Undefined variable: email_resp1
Error on line 136 of file /AUX/www/gaucho/admin/entidades.php
----
[NOTICE] Undefined variable: telefone_resp1
Error on line 140 of file /AUX/www/gaucho/admin/entidades.php
----
[NOTICE] Undefined variable: resp2
Error on line 146 of file /AUX/www/gaucho/admin/entidades.php
----
[NOTICE] Undefined variable: email_resp2
Error on line 150 of file /AUX/www/gaucho/admin/entidades.php
----
[NOTICE] Undefined variable: telefone_resp2
Error on line 154 of file /AUX/www/gaucho/admin/entidades.php


** xajax Error Log - Mar  7 2023 09:18:51 PM **

----
[NOTICE] Undefined variable: nome_entidade
Error on line 122 of file /AUX/www/gaucho/admin/entidades.php
----
[NOTICE] Undefined variable: cnpj
Error on line 126 of file /AUX/www/gaucho/admin/entidades.php
----
[NOTICE] Undefined variable: resp1
Error on line 132 of file /AUX/www/gaucho/admin/entidades.php
----
[NOTICE] Undefined variable: email_resp1
Error on line 136 of file /AUX/www/gaucho/admin/entidades.php
----
[NOTICE] Undefined variable: telefone_resp1
Error on line 140 of file /AUX/www/gaucho/admin/entidades.php
----
[NOTICE] Undefined variable: resp2
Error on line 146 of file /AUX/www/gaucho/admin/entidades.php
----
[NOTICE] Undefined variable: email_resp2
Error on line 150 of file /AUX/www/gaucho/admin/entidades.php
----
[NOTICE] Undefined variable: telefone_resp2
Error on line 154 of file /AUX/www/gaucho/admin/entidades.php


** xajax Error Log - Mar  7 2023 09:22:42 PM **

----
[NOTICE] Undefined variable: nome_entidade
Error on line 122 of file /AUX/www/gaucho/admin/entidades.php
----
[NOTICE] Undefined variable: cnpj
Error on line 126 of file /AUX/www/gaucho/admin/entidades.php
----
[NOTICE] Undefined variable: resp1
Error on line 132 of file /AUX/www/gaucho/admin/entidades.php
----
[NOTICE] Undefined variable: email_resp1
Error on line 136 of file /AUX/www/gaucho/admin/entidades.php
----
[NOTICE] Undefined variable: telefone_resp1
Error on line 140 of file /AUX/www/gaucho/admin/entidades.php
----
[NOTICE] Undefined variable: resp2
Error on line 146 of file /AUX/www/gaucho/admin/entidades.php
----
[NOTICE] Undefined variable: email_resp2
Error on line 150 of file /AUX/www/gaucho/admin/entidades.php
----
[NOTICE] Undefined variable: telefone_resp2
Error on line 154 of file /AUX/www/gaucho/admin/entidades.php


** xajax Error Log - Mar  7 2023 09:28:37 PM **

----
[NOTICE] Undefined variable: nome_entidade
Error on line 123 of file /AUX/www/gaucho/admin/entidades.php
----
[NOTICE] Undefined variable: cnpj
Error on line 127 of file /AUX/www/gaucho/admin/entidades.php
----
[NOTICE] Undefined variable: resp1
Error on line 133 of file /AUX/www/gaucho/admin/entidades.php
----
[NOTICE] Undefined variable: email_resp1
Error on line 137 of file /AUX/www/gaucho/admin/entidades.php
----
[NOTICE] Undefined variable: telefone_resp1
Error on line 141 of file /AUX/www/gaucho/admin/entidades.php
----
[NOTICE] Undefined variable: resp2
Error on line 147 of file /AUX/www/gaucho/admin/entidades.php
----
[NOTICE] Undefined variable: email_resp2
Error on line 151 of file /AUX/www/gaucho/admin/entidades.php
----
[NOTICE] Undefined variable: telefone_resp2
Error on line 155 of file /AUX/www/gaucho/admin/entidades.php


** xajax Error Log - Mar  7 2023 09:30:50 PM **

----
[NOTICE] Undefined variable: nome_entidade
Error on line 124 of file /AUX/www/gaucho/admin/entidades.php
----
[NOTICE] Undefined variable: cnpj
Error on line 128 of file /AUX/www/gaucho/admin/entidades.php
----
[NOTICE] Undefined variable: resp1
Error on line 134 of file /AUX/www/gaucho/admin/entidades.php
----
[NOTICE] Undefined variable: email_resp1
Error on line 138 of file /AUX/www/gaucho/admin/entidades.php
----
[NOTICE] Undefined variable: telefone_resp1
Error on line 142 of file /AUX/www/gaucho/admin/entidades.php
----
[NOTICE] Undefined variable: resp2
Error on line 148 of file /AUX/www/gaucho/admin/entidades.php
----
[NOTICE] Undefined variable: email_resp2
Error on line 152 of file /AUX/www/gaucho/admin/entidades.php
----
[NOTICE] Undefined variable: telefone_resp2
Error on line 156 of file /AUX/www/gaucho/admin/entidades.php


** xajax Error Log - Mar  7 2023 09:32:29 PM **

----
[NOTICE] Undefined variable: nome_entidade
Error on line 124 of file /AUX/www/gaucho/admin/entidades.php
----
[NOTICE] Undefined variable: cnpj
Error on line 128 of file /AUX/www/gaucho/admin/entidades.php
----
[NOTICE] Undefined variable: resp1
Error on line 134 of file /AUX/www/gaucho/admin/entidades.php
----
[NOTICE] Undefined variable: email_resp1
Error on line 138 of file /AUX/www/gaucho/admin/entidades.php
----
[NOTICE] Undefined variable: telefone_resp1
Error on line 142 of file /AUX/www/gaucho/admin/entidades.php
----
[NOTICE] Undefined variable: resp2
Error on line 148 of file /AUX/www/gaucho/admin/entidades.php
----
[NOTICE] Undefined variable: email_resp2
Error on line 152 of file /AUX/www/gaucho/admin/entidades.php
----
[NOTICE] Undefined variable: telefone_resp2
Error on line 156 of file /AUX/www/gaucho/admin/entidades.php


** xajax Error Log - Mar  7 2023 09:37:08 PM **

----
[NOTICE] Undefined variable: nome_entidade
Error on line 124 of file /AUX/www/gaucho/admin/entidades.php
----
[NOTICE] Undefined variable: cnpj
Error on line 128 of file /AUX/www/gaucho/admin/entidades.php
----
[NOTICE] Undefined variable: resp1
Error on line 134 of file /AUX/www/gaucho/admin/entidades.php
----
[NOTICE] Undefined variable: email_resp1
Error on line 138 of file /AUX/www/gaucho/admin/entidades.php
----
[NOTICE] Undefined variable: telefone_resp1
Error on line 142 of file /AUX/www/gaucho/admin/entidades.php
----
[NOTICE] Undefined variable: resp2
Error on line 149 of file /AUX/www/gaucho/admin/entidades.php
----
[NOTICE] Undefined variable: email_resp2
Error on line 153 of file /AUX/www/gaucho/admin/entidades.php
----
[NOTICE] Undefined variable: telefone_resp2
Error on line 157 of file /AUX/www/gaucho/admin/entidades.php


** xajax Error Log - Mar  7 2023 09:39:45 PM **

----
[NOTICE] Undefined variable: nome_entidade
Error on line 124 of file /AUX/www/gaucho/admin/entidades.php
----
[NOTICE] Undefined variable: cnpj
Error on line 128 of file /AUX/www/gaucho/admin/entidades.php
----
[NOTICE] Undefined variable: resp1
Error on line 134 of file /AUX/www/gaucho/admin/entidades.php
----
[NOTICE] Undefined variable: email_resp1
Error on line 138 of file /AUX/www/gaucho/admin/entidades.php
----
[NOTICE] Undefined variable: telefone_resp1
Error on line 142 of file /AUX/www/gaucho/admin/entidades.php
----
[NOTICE] Undefined variable: resp2
Error on line 149 of file /AUX/www/gaucho/admin/entidades.php
----
[NOTICE] Undefined variable: email_resp2
Error on line 153 of file /AUX/www/gaucho/admin/entidades.php
----
[NOTICE] Undefined variable: telefone_resp2
Error on line 157 of file /AUX/www/gaucho/admin/entidades.php


** xajax Error Log - Mar  7 2023 09:40:09 PM **

----
[NOTICE] Undefined index: estab
Error on line 208 of file /AUX/www/gaucho/admin/entidades.php


** xajax Error Log - Mar  7 2023 09:43:29 PM **

----
[NOTICE] Undefined variable: nome_entidade
Error on line 124 of file /AUX/www/gaucho/admin/entidades.php
----
[NOTICE] Undefined variable: cnpj
Error on line 128 of file /AUX/www/gaucho/admin/entidades.php
----
[NOTICE] Undefined variable: resp1
Error on line 134 of file /AUX/www/gaucho/admin/entidades.php
----
[NOTICE] Undefined variable: email_resp1
Error on line 138 of file /AUX/www/gaucho/admin/entidades.php
----
[NOTICE] Undefined variable: telefone_resp1
Error on line 142 of file /AUX/www/gaucho/admin/entidades.php
----
[NOTICE] Undefined variable: resp2
Error on line 149 of file /AUX/www/gaucho/admin/entidades.php
----
[NOTICE] Undefined variable: email_resp2
Error on line 153 of file /AUX/www/gaucho/admin/entidades.php
----
[NOTICE] Undefined variable: telefone_resp2
Error on line 157 of file /AUX/www/gaucho/admin/entidades.php


** xajax Error Log - Mar  7 2023 09:43:37 PM **

----
[NOTICE] Undefined index: estab
Error on line 214 of file /AUX/www/gaucho/admin/entidades.php


** xajax Error Log - Mar  7 2023 09:43:53 PM **

----
[NOTICE] Undefined variable: nome_entidade
Error on line 124 of file /AUX/www/gaucho/admin/entidades.php
----
[NOTICE] Undefined variable: cnpj
Error on line 128 of file /AUX/www/gaucho/admin/entidades.php
----
[NOTICE] Undefined variable: resp1
Error on line 134 of file /AUX/www/gaucho/admin/entidades.php
----
[NOTICE] Undefined variable: email_resp1
Error on line 138 of file /AUX/www/gaucho/admin/entidades.php
----
[NOTICE] Undefined variable: telefone_resp1
Error on line 142 of file /AUX/www/gaucho/admin/entidades.php
----
[NOTICE] Undefined variable: resp2
Error on line 149 of file /AUX/www/gaucho/admin/entidades.php
----
[NOTICE] Undefined variable: email_resp2
Error on line 153 of file /AUX/www/gaucho/admin/entidades.php
----
[NOTICE] Undefined variable: telefone_resp2
Error on line 157 of file /AUX/www/gaucho/admin/entidades.php


** xajax Error Log - Mar  7 2023 09:44:01 PM **

----
[NOTICE] Undefined index: estab
Error on line 214 of file /AUX/www/gaucho/admin/entidades.php


** xajax Error Log - Mar  7 2023 09:55:18 PM **

----
[NOTICE] Undefined variable: nome_entidade
Error on line 123 of file /AUX/www/gaucho/admin/entidades.php
----
[NOTICE] Undefined variable: cnpj
Error on line 127 of file /AUX/www/gaucho/admin/entidades.php
----
[NOTICE] Undefined variable: resp1
Error on line 133 of file /AUX/www/gaucho/admin/entidades.php
----
[NOTICE] Undefined variable: email_resp1
Error on line 137 of file /AUX/www/gaucho/admin/entidades.php
----
[NOTICE] Undefined variable: telefone_resp1
Error on line 141 of file /AUX/www/gaucho/admin/entidades.php
----
[NOTICE] Undefined variable: resp2
Error on line 148 of file /AUX/www/gaucho/admin/entidades.php
----
[NOTICE] Undefined variable: email_resp2
Error on line 152 of file /AUX/www/gaucho/admin/entidades.php
----
[NOTICE] Undefined variable: telefone_resp2
Error on line 156 of file /AUX/www/gaucho/admin/entidades.php


** xajax Error Log - Mar  7 2023 09:57:17 PM **

----
[NOTICE] Undefined variable: nome_entidade
Error on line 123 of file /AUX/www/gaucho/admin/entidades.php
----
[NOTICE] Undefined variable: cnpj
Error on line 127 of file /AUX/www/gaucho/admin/entidades.php
----
[NOTICE] Undefined variable: resp1
Error on line 133 of file /AUX/www/gaucho/admin/entidades.php
----
[NOTICE] Undefined variable: email_resp1
Error on line 137 of file /AUX/www/gaucho/admin/entidades.php
----
[NOTICE] Undefined variable: telefone_resp1
Error on line 141 of file /AUX/www/gaucho/admin/entidades.php
----
[NOTICE] Undefined variable: resp2
Error on line 148 of file /AUX/www/gaucho/admin/entidades.php
----
[NOTICE] Undefined variable: email_resp2
Error on line 152 of file /AUX/www/gaucho/admin/entidades.php
----
[NOTICE] Undefined variable: telefone_resp2
Error on line 156 of file /AUX/www/gaucho/admin/entidades.php


